[2021-04-06 11:37:58] app.INFO: Exporting mail with theme modern for language Español (Spanish) [] []
[2021-04-06 11:37:58] app.INFO: Core output folder: /var/www/vhosts/pruebas.devblinders.com/proyectointegrado.ismael.com/mails [] []
[2021-04-06 11:37:58] app.INFO: Modules output folder: /var/www/vhosts/pruebas.devblinders.com/proyectointegrado.ismael.com/modules/ [] []
[2021-04-06 11:37:58] app.INFO: Generate html template account at /var/www/vhosts/pruebas.devblinders.com/proyectointegrado.ismael.com/mails/es/account.html [] []
[2021-04-06 11:37:58] app.INFO: Generate txt template account at /var/www/vhosts/pruebas.devblinders.com/proyectointegrado.ismael.com/mails/es/account.txt [] []
[2021-04-06 11:37:58] app.INFO: Generate html template backoffice_order at /var/www/vhosts/pruebas.devblinders.com/proyectointegrado.ismael.com/mails/es/backoffice_order.html [] []
[2021-04-06 11:37:58] app.INFO: Generate txt template backoffice_order at /var/www/vhosts/pruebas.devblinders.com/proyectointegrado.ismael.com/mails/es/backoffice_order.txt [] []
[2021-04-06 11:37:58] app.INFO: Generate html template bankwire at /var/www/vhosts/pruebas.devblinders.com/proyectointegrado.ismael.com/mails/es/bankwire.html [] []
[2021-04-06 11:37:58] app.INFO: Generate txt template bankwire at /var/www/vhosts/pruebas.devblinders.com/proyectointegrado.ismael.com/mails/es/bankwire.txt [] []
[2021-04-06 11:37:58] app.INFO: Generate html template cheque at /var/www/vhosts/pruebas.devblinders.com/proyectointegrado.ismael.com/mails/es/cheque.html [] []
[2021-04-06 11:37:58] app.INFO: Generate txt template cheque at /var/www/vhosts/pruebas.devblinders.com/proyectointegrado.ismael.com/mails/es/cheque.txt [] []
[2021-04-06 11:37:58] app.INFO: Generate html template contact at /var/www/vhosts/pruebas.devblinders.com/proyectointegrado.ismael.com/mails/es/contact.html [] []
[2021-04-06 11:37:58] app.INFO: Generate txt template contact at /var/www/vhosts/pruebas.devblinders.com/proyectointegrado.ismael.com/mails/es/contact.txt [] []
[2021-04-06 11:37:58] app.INFO: Generate html template contact_form at /var/www/vhosts/pruebas.devblinders.com/proyectointegrado.ismael.com/mails/es/contact_form.html [] []
[2021-04-06 11:37:58] app.INFO: Generate txt template contact_form at /var/www/vhosts/pruebas.devblinders.com/proyectointegrado.ismael.com/mails/es/contact_form.txt [] []
[2021-04-06 11:37:58] app.INFO: Generate html template credit_slip at /var/www/vhosts/pruebas.devblinders.com/proyectointegrado.ismael.com/mails/es/credit_slip.html [] []
[2021-04-06 11:37:58] app.INFO: Generate txt template credit_slip at /var/www/vhosts/pruebas.devblinders.com/proyectointegrado.ismael.com/mails/es/credit_slip.txt [] []
[2021-04-06 11:37:58] app.INFO: Generate html template download_product at /var/www/vhosts/pruebas.devblinders.com/proyectointegrado.ismael.com/mails/es/download_product.html [] []
[2021-04-06 11:37:58] app.INFO: Generate txt template download_product at /var/www/vhosts/pruebas.devblinders.com/proyectointegrado.ismael.com/mails/es/download_product.txt [] []
[2021-04-06 11:37:58] app.INFO: Generate html template employee_password at /var/www/vhosts/pruebas.devblinders.com/proyectointegrado.ismael.com/mails/es/employee_password.html [] []
[2021-04-06 11:37:58] app.INFO: Generate txt template employee_password at /var/www/vhosts/pruebas.devblinders.com/proyectointegrado.ismael.com/mails/es/employee_password.txt [] []
[2021-04-06 11:37:58] app.INFO: Generate html template forward_msg at /var/www/vhosts/pruebas.devblinders.com/proyectointegrado.ismael.com/mails/es/forward_msg.html [] []
[2021-04-06 11:37:58] app.INFO: Generate txt template forward_msg at /var/www/vhosts/pruebas.devblinders.com/proyectointegrado.ismael.com/mails/es/forward_msg.txt [] []
[2021-04-06 11:37:58] app.INFO: Generate html template guest_to_customer at /var/www/vhosts/pruebas.devblinders.com/proyectointegrado.ismael.com/mails/es/guest_to_customer.html [] []
[2021-04-06 11:37:58] app.INFO: Generate txt template guest_to_customer at /var/www/vhosts/pruebas.devblinders.com/proyectointegrado.ismael.com/mails/es/guest_to_customer.txt [] []
[2021-04-06 11:37:58] app.INFO: Generate html template import at /var/www/vhosts/pruebas.devblinders.com/proyectointegrado.ismael.com/mails/es/import.html [] []
[2021-04-06 11:37:58] app.INFO: Generate txt template import at /var/www/vhosts/pruebas.devblinders.com/proyectointegrado.ismael.com/mails/es/import.txt [] []
[2021-04-06 11:37:58] app.INFO: Generate html template in_transit at /var/www/vhosts/pruebas.devblinders.com/proyectointegrado.ismael.com/mails/es/in_transit.html [] []
[2021-04-06 11:37:58] app.INFO: Generate txt template in_transit at /var/www/vhosts/pruebas.devblinders.com/proyectointegrado.ismael.com/mails/es/in_transit.txt [] []
[2021-04-06 11:37:58] app.INFO: Generate html template log_alert at /var/www/vhosts/pruebas.devblinders.com/proyectointegrado.ismael.com/mails/es/log_alert.html [] []
[2021-04-06 11:37:58] app.INFO: Generate txt template log_alert at /var/www/vhosts/pruebas.devblinders.com/proyectointegrado.ismael.com/mails/es/log_alert.txt [] []
[2021-04-06 11:37:58] app.INFO: Generate html template newsletter at /var/www/vhosts/pruebas.devblinders.com/proyectointegrado.ismael.com/mails/es/newsletter.html [] []
[2021-04-06 11:37:58] app.INFO: Generate txt template newsletter at /var/www/vhosts/pruebas.devblinders.com/proyectointegrado.ismael.com/mails/es/newsletter.txt [] []
[2021-04-06 11:37:58] app.INFO: Generate html template order_canceled at /var/www/vhosts/pruebas.devblinders.com/proyectointegrado.ismael.com/mails/es/order_canceled.html [] []
[2021-04-06 11:37:58] app.INFO: Generate txt template order_canceled at /var/www/vhosts/pruebas.devblinders.com/proyectointegrado.ismael.com/mails/es/order_canceled.txt [] []
[2021-04-06 11:37:58] app.INFO: Generate html template order_changed at /var/www/vhosts/pruebas.devblinders.com/proyectointegrado.ismael.com/mails/es/order_changed.html [] []
[2021-04-06 11:37:58] app.INFO: Generate txt template order_changed at /var/www/vhosts/pruebas.devblinders.com/proyectointegrado.ismael.com/mails/es/order_changed.txt [] []
[2021-04-06 11:37:59] app.INFO: Generate html template order_conf at /var/www/vhosts/pruebas.devblinders.com/proyectointegrado.ismael.com/mails/es/order_conf.html [] []
[2021-04-06 11:37:59] app.INFO: Generate txt template order_conf at /var/www/vhosts/pruebas.devblinders.com/proyectointegrado.ismael.com/mails/es/order_conf.txt [] []
[2021-04-06 11:37:59] app.INFO: Generate html template order_customer_comment at /var/www/vhosts/pruebas.devblinders.com/proyectointegrado.ismael.com/mails/es/order_customer_comment.html [] []
[2021-04-06 11:37:59] app.INFO: Generate txt template order_customer_comment at /var/www/vhosts/pruebas.devblinders.com/proyectointegrado.ismael.com/mails/es/order_customer_comment.txt [] []
[2021-04-06 11:37:59] app.INFO: Generate html template order_merchant_comment at /var/www/vhosts/pruebas.devblinders.com/proyectointegrado.ismael.com/mails/es/order_merchant_comment.html [] []
[2021-04-06 11:37:59] app.INFO: Generate txt template order_merchant_comment at /var/www/vhosts/pruebas.devblinders.com/proyectointegrado.ismael.com/mails/es/order_merchant_comment.txt [] []
[2021-04-06 11:37:59] app.INFO: Generate html template order_return_state at /var/www/vhosts/pruebas.devblinders.com/proyectointegrado.ismael.com/mails/es/order_return_state.html [] []
[2021-04-06 11:37:59] app.INFO: Generate txt template order_return_state at /var/www/vhosts/pruebas.devblinders.com/proyectointegrado.ismael.com/mails/es/order_return_state.txt [] []
[2021-04-06 11:37:59] app.INFO: Generate html template outofstock at /var/www/vhosts/pruebas.devblinders.com/proyectointegrado.ismael.com/mails/es/outofstock.html [] []
[2021-04-06 11:37:59] app.INFO: Generate txt template outofstock at /var/www/vhosts/pruebas.devblinders.com/proyectointegrado.ismael.com/mails/es/outofstock.txt [] []
[2021-04-06 11:37:59] app.INFO: Generate html template password at /var/www/vhosts/pruebas.devblinders.com/proyectointegrado.ismael.com/mails/es/password.html [] []
[2021-04-06 11:37:59] app.INFO: Generate txt template password at /var/www/vhosts/pruebas.devblinders.com/proyectointegrado.ismael.com/mails/es/password.txt [] []
[2021-04-06 11:37:59] app.INFO: Generate html template password_query at /var/www/vhosts/pruebas.devblinders.com/proyectointegrado.ismael.com/mails/es/password_query.html [] []
[2021-04-06 11:37:59] app.INFO: Generate txt template password_query at /var/www/vhosts/pruebas.devblinders.com/proyectointegrado.ismael.com/mails/es/password_query.txt [] []
[2021-04-06 11:37:59] app.INFO: Generate html template payment at /var/www/vhosts/pruebas.devblinders.com/proyectointegrado.ismael.com/mails/es/payment.html [] []
[2021-04-06 11:37:59] app.INFO: Generate txt template payment at /var/www/vhosts/pruebas.devblinders.com/proyectointegrado.ismael.com/mails/es/payment.txt [] []
[2021-04-06 11:37:59] app.INFO: Generate html template payment_error at /var/www/vhosts/pruebas.devblinders.com/proyectointegrado.ismael.com/mails/es/payment_error.html [] []
[2021-04-06 11:37:59] app.INFO: Generate txt template payment_error at /var/www/vhosts/pruebas.devblinders.com/proyectointegrado.ismael.com/mails/es/payment_error.txt [] []
[2021-04-06 11:37:59] app.INFO: Generate html template preparation at /var/www/vhosts/pruebas.devblinders.com/proyectointegrado.ismael.com/mails/es/preparation.html [] []
[2021-04-06 11:37:59] app.INFO: Generate txt template preparation at /var/www/vhosts/pruebas.devblinders.com/proyectointegrado.ismael.com/mails/es/preparation.txt [] []
[2021-04-06 11:37:59] app.INFO: Generate html template productoutofstock at /var/www/vhosts/pruebas.devblinders.com/proyectointegrado.ismael.com/mails/es/productoutofstock.html [] []
[2021-04-06 11:37:59] app.INFO: Generate txt template productoutofstock at /var/www/vhosts/pruebas.devblinders.com/proyectointegrado.ismael.com/mails/es/productoutofstock.txt [] []
[2021-04-06 11:37:59] app.INFO: Generate html template refund at /var/www/vhosts/pruebas.devblinders.com/proyectointegrado.ismael.com/mails/es/refund.html [] []
[2021-04-06 11:37:59] app.INFO: Generate txt template refund at /var/www/vhosts/pruebas.devblinders.com/proyectointegrado.ismael.com/mails/es/refund.txt [] []
[2021-04-06 11:37:59] app.INFO: Generate html template reply_msg at /var/www/vhosts/pruebas.devblinders.com/proyectointegrado.ismael.com/mails/es/reply_msg.html [] []
[2021-04-06 11:37:59] app.INFO: Generate txt template reply_msg at /var/www/vhosts/pruebas.devblinders.com/proyectointegrado.ismael.com/mails/es/reply_msg.txt [] []
[2021-04-06 11:37:59] app.INFO: Generate html template shipped at /var/www/vhosts/pruebas.devblinders.com/proyectointegrado.ismael.com/mails/es/shipped.html [] []
[2021-04-06 11:37:59] app.INFO: Generate txt template shipped at /var/www/vhosts/pruebas.devblinders.com/proyectointegrado.ismael.com/mails/es/shipped.txt [] []
[2021-04-06 11:37:59] app.INFO: Generate html template test at /var/www/vhosts/pruebas.devblinders.com/proyectointegrado.ismael.com/mails/es/test.html [] []
[2021-04-06 11:37:59] app.INFO: Generate txt template test at /var/www/vhosts/pruebas.devblinders.com/proyectointegrado.ismael.com/mails/es/test.txt [] []
[2021-04-06 11:37:59] app.INFO: Generate html template voucher at /var/www/vhosts/pruebas.devblinders.com/proyectointegrado.ismael.com/mails/es/voucher.html [] []
[2021-04-06 11:37:59] app.INFO: Generate txt template voucher at /var/www/vhosts/pruebas.devblinders.com/proyectointegrado.ismael.com/mails/es/voucher.txt [] []
[2021-04-06 11:37:59] app.INFO: Generate html template voucher_new at /var/www/vhosts/pruebas.devblinders.com/proyectointegrado.ismael.com/mails/es/voucher_new.html [] []
[2021-04-06 11:37:59] app.INFO: Generate txt template voucher_new at /var/www/vhosts/pruebas.devblinders.com/proyectointegrado.ismael.com/mails/es/voucher_new.txt [] []
[2021-04-06 11:37:59] app.INFO: Generate html template followup_1 at /var/www/vhosts/pruebas.devblinders.com/proyectointegrado.ismael.com/modules//followup/mails/es/followup_1.html [] []
[2021-04-06 11:37:59] app.INFO: Generate txt template followup_1 at /var/www/vhosts/pruebas.devblinders.com/proyectointegrado.ismael.com/modules//followup/mails/es/followup_1.txt [] []
[2021-04-06 11:37:59] app.INFO: Generate html template followup_2 at /var/www/vhosts/pruebas.devblinders.com/proyectointegrado.ismael.com/modules//followup/mails/es/followup_2.html [] []
[2021-04-06 11:37:59] app.INFO: Generate txt template followup_2 at /var/www/vhosts/pruebas.devblinders.com/proyectointegrado.ismael.com/modules//followup/mails/es/followup_2.txt [] []
[2021-04-06 11:37:59] app.INFO: Generate html template followup_3 at /var/www/vhosts/pruebas.devblinders.com/proyectointegrado.ismael.com/modules//followup/mails/es/followup_3.html [] []
[2021-04-06 11:37:59] app.INFO: Generate txt template followup_3 at /var/www/vhosts/pruebas.devblinders.com/proyectointegrado.ismael.com/modules//followup/mails/es/followup_3.txt [] []
[2021-04-06 11:37:59] app.INFO: Generate html template followup_4 at /var/www/vhosts/pruebas.devblinders.com/proyectointegrado.ismael.com/modules//followup/mails/es/followup_4.html [] []
[2021-04-06 11:37:59] app.INFO: Generate txt template followup_4 at /var/www/vhosts/pruebas.devblinders.com/proyectointegrado.ismael.com/modules//followup/mails/es/followup_4.txt [] []
[2021-04-06 11:37:59] app.INFO: Generate html template customer_qty at /var/www/vhosts/pruebas.devblinders.com/proyectointegrado.ismael.com/modules//ps_emailalerts/mails/es/customer_qty.html [] []
[2021-04-06 11:37:59] app.INFO: Generate txt template customer_qty at /var/www/vhosts/pruebas.devblinders.com/proyectointegrado.ismael.com/modules//ps_emailalerts/mails/es/customer_qty.txt [] []
[2021-04-06 11:37:59] app.INFO: Generate html template new_order at /var/www/vhosts/pruebas.devblinders.com/proyectointegrado.ismael.com/modules//ps_emailalerts/mails/es/new_order.html [] []
[2021-04-06 11:37:59] app.INFO: Generate txt template new_order at /var/www/vhosts/pruebas.devblinders.com/proyectointegrado.ismael.com/modules//ps_emailalerts/mails/es/new_order.txt [] []
[2021-04-06 11:37:59] app.INFO: Generate html template order_changed at /var/www/vhosts/pruebas.devblinders.com/proyectointegrado.ismael.com/modules//ps_emailalerts/mails/es/order_changed.html [] []
[2021-04-06 11:37:59] app.INFO: Generate txt template order_changed at /var/www/vhosts/pruebas.devblinders.com/proyectointegrado.ismael.com/modules//ps_emailalerts/mails/es/order_changed.txt [] []
[2021-04-06 11:37:59] app.INFO: Generate html template productcoverage at /var/www/vhosts/pruebas.devblinders.com/proyectointegrado.ismael.com/modules//ps_emailalerts/mails/es/productcoverage.html [] []
[2021-04-06 11:37:59] app.INFO: Generate txt template productcoverage at /var/www/vhosts/pruebas.devblinders.com/proyectointegrado.ismael.com/modules//ps_emailalerts/mails/es/productcoverage.txt [] []
[2021-04-06 11:37:59] app.INFO: Generate html template productoutofstock at /var/www/vhosts/pruebas.devblinders.com/proyectointegrado.ismael.com/modules//ps_emailalerts/mails/es/productoutofstock.html [] []
[2021-04-06 11:37:59] app.INFO: Generate txt template productoutofstock at /var/www/vhosts/pruebas.devblinders.com/proyectointegrado.ismael.com/modules//ps_emailalerts/mails/es/productoutofstock.txt [] []
[2021-04-06 11:37:59] app.INFO: Generate html template return_slip at /var/www/vhosts/pruebas.devblinders.com/proyectointegrado.ismael.com/modules//ps_emailalerts/mails/es/return_slip.html [] []
[2021-04-06 11:37:59] app.INFO: Generate txt template return_slip at /var/www/vhosts/pruebas.devblinders.com/proyectointegrado.ismael.com/modules//ps_emailalerts/mails/es/return_slip.txt [] []
[2021-04-06 11:37:59] app.INFO: Generate html template newsletter_conf at /var/www/vhosts/pruebas.devblinders.com/proyectointegrado.ismael.com/modules//ps_emailsubscription/mails/es/newsletter_conf.html [] []
[2021-04-06 11:37:59] app.INFO: Generate txt template newsletter_conf at /var/www/vhosts/pruebas.devblinders.com/proyectointegrado.ismael.com/modules//ps_emailsubscription/mails/es/newsletter_conf.txt [] []
[2021-04-06 11:37:59] app.INFO: Generate html template newsletter_verif at /var/www/vhosts/pruebas.devblinders.com/proyectointegrado.ismael.com/modules//ps_emailsubscription/mails/es/newsletter_verif.html [] []
[2021-04-06 11:37:59] app.INFO: Generate txt template newsletter_verif at /var/www/vhosts/pruebas.devblinders.com/proyectointegrado.ismael.com/modules//ps_emailsubscription/mails/es/newsletter_verif.txt [] []
[2021-04-06 11:37:59] app.INFO: Generate html template newsletter_voucher at /var/www/vhosts/pruebas.devblinders.com/proyectointegrado.ismael.com/modules//ps_emailsubscription/mails/es/newsletter_voucher.html [] []
[2021-04-06 11:37:59] app.INFO: Generate txt template newsletter_voucher at /var/www/vhosts/pruebas.devblinders.com/proyectointegrado.ismael.com/modules//ps_emailsubscription/mails/es/newsletter_voucher.txt [] []
[2021-04-06 11:37:59] app.INFO: Generate html template referralprogram-congratulations at /var/www/vhosts/pruebas.devblinders.com/proyectointegrado.ismael.com/modules//referralprogram/mails/es/referralprogram-congratulations.html [] []
[2021-04-06 11:37:59] app.INFO: Generate txt template referralprogram-congratulations at /var/www/vhosts/pruebas.devblinders.com/proyectointegrado.ismael.com/modules//referralprogram/mails/es/referralprogram-congratulations.txt [] []
[2021-04-06 11:37:59] app.INFO: Generate html template referralprogram-invitation at /var/www/vhosts/pruebas.devblinders.com/proyectointegrado.ismael.com/modules//referralprogram/mails/es/referralprogram-invitation.html [] []
[2021-04-06 11:37:59] app.INFO: Generate txt template referralprogram-invitation at /var/www/vhosts/pruebas.devblinders.com/proyectointegrado.ismael.com/modules//referralprogram/mails/es/referralprogram-invitation.txt [] []
[2021-04-06 11:37:59] app.INFO: Generate html template referralprogram-voucher at /var/www/vhosts/pruebas.devblinders.com/proyectointegrado.ismael.com/modules//referralprogram/mails/es/referralprogram-voucher.html [] []
[2021-04-06 11:37:59] app.INFO: Generate txt template referralprogram-voucher at /var/www/vhosts/pruebas.devblinders.com/proyectointegrado.ismael.com/modules//referralprogram/mails/es/referralprogram-voucher.txt [] []
[2021-04-06 11:38:00] app.INFO: Protect vendor folder in module contactform [] []
[2021-04-06 11:38:00] app.INFO: Module contactform has no vendor folder [] []
[2021-04-06 11:38:00] app.INFO: Protect vendor folder in module dashactivity [] []
[2021-04-06 11:38:00] app.INFO: Module dashactivity has no vendor folder [] []
[2021-04-06 11:38:00] app.INFO: Protect vendor folder in module dashgoals [] []
[2021-04-06 11:38:00] app.INFO: Module dashgoals has no vendor folder [] []
[2021-04-06 11:38:00] app.INFO: Protect vendor folder in module dashproducts [] []
[2021-04-06 11:38:00] app.INFO: Module dashproducts has no vendor folder [] []
[2021-04-06 11:38:00] app.INFO: Protect vendor folder in module dashtrends [] []
[2021-04-06 11:38:00] app.INFO: Module dashtrends has no vendor folder [] []
[2021-04-06 11:38:00] app.INFO: Protect vendor folder in module graphnvd3 [] []
[2021-04-06 11:38:00] app.INFO: Module graphnvd3 has no vendor folder [] []
[2021-04-06 11:38:00] app.INFO: Protect vendor folder in module gridhtml [] []
[2021-04-06 11:38:00] app.INFO: Module gridhtml has no vendor folder [] []
[2021-04-06 11:38:00] app.INFO: Protect vendor folder in module gsitemap [] []
[2021-04-06 11:38:00] app.INFO: Module gsitemap has no vendor folder [] []
[2021-04-06 11:38:00] app.INFO: Protect vendor folder in module pagesnotfound [] []
[2021-04-06 11:38:00] app.INFO: Module pagesnotfound has no vendor folder [] []
[2021-04-06 11:38:00] app.INFO: Protect vendor folder in module productcomments [] []
[2021-04-06 11:38:00] app.INFO: Module productcomments has no vendor folder [] []
[2021-04-06 11:38:00] app.INFO: Protect vendor folder in module ps_banner [] []
[2021-04-06 11:38:00] app.INFO: Module ps_banner has no vendor folder [] []
[2021-04-06 11:38:00] app.INFO: Protect vendor folder in module ps_categorytree [] []
[2021-04-06 11:38:00] app.INFO: Module ps_categorytree has no vendor folder [] []
[2021-04-06 11:38:00] app.INFO: Protect vendor folder in module ps_checkpayment [] []
[2021-04-06 11:38:00] app.INFO: Module ps_checkpayment has no vendor folder [] []
[2021-04-06 11:38:00] app.INFO: Protect vendor folder in module ps_contactinfo [] []
[2021-04-06 11:38:00] app.INFO: Module ps_contactinfo has no vendor folder [] []
[2021-04-06 11:38:00] app.INFO: Protect vendor folder in module ps_crossselling [] []
[2021-04-06 11:38:00] app.INFO: Module ps_crossselling has no vendor folder [] []
[2021-04-06 11:38:00] app.INFO: Protect vendor folder in module ps_currencyselector [] []
[2021-04-06 11:38:00] app.INFO: Module ps_currencyselector has no vendor folder [] []
[2021-04-06 11:38:00] app.INFO: Protect vendor folder in module ps_customeraccountlinks [] []
[2021-04-06 11:38:00] app.INFO: Module ps_customeraccountlinks has no vendor folder [] []
[2021-04-06 11:38:00] app.INFO: Protect vendor folder in module ps_customersignin [] []
[2021-04-06 11:38:00] app.INFO: Module ps_customersignin has no vendor folder [] []
[2021-04-06 11:38:00] app.INFO: Protect vendor folder in module ps_customtext [] []
[2021-04-06 11:38:00] app.INFO: Module ps_customtext has no vendor folder [] []
[2021-04-06 11:38:00] app.INFO: Protect vendor folder in module ps_dataprivacy [] []
[2021-04-06 11:38:00] app.INFO: Module ps_dataprivacy has no vendor folder [] []
[2021-04-06 11:38:00] app.INFO: Protect vendor folder in module ps_emailsubscription [] []
[2021-04-06 11:38:00] app.INFO: Module ps_emailsubscription has no vendor folder [] []
[2021-04-06 11:38:00] app.INFO: Protect vendor folder in module ps_facetedsearch [] []
[2021-04-06 11:38:00] app.INFO: Module ps_facetedsearch has no vendor folder [] []
[2021-04-06 11:38:01] app.INFO: Protect vendor folder in module ps_faviconnotificationbo [] []
[2021-04-06 11:38:01] app.INFO: Module ps_faviconnotificationbo has no vendor folder [] []
[2021-04-06 11:38:01] app.INFO: Protect vendor folder in module ps_featuredproducts [] []
[2021-04-06 11:38:01] app.INFO: Module ps_featuredproducts has no vendor folder [] []
[2021-04-06 11:38:01] app.INFO: Protect vendor folder in module ps_imageslider [] []
[2021-04-06 11:38:01] app.INFO: Module ps_imageslider has no vendor folder [] []
[2021-04-06 11:38:01] app.INFO: Protect vendor folder in module ps_languageselector [] []
[2021-04-06 11:38:01] app.INFO: Module ps_languageselector has no vendor folder [] []
[2021-04-06 11:38:01] app.INFO: Protect vendor folder in module ps_linklist [] []
[2021-04-06 11:38:01] app.INFO: Module ps_linklist has no vendor folder [] []
[2021-04-06 11:38:01] app.ERROR: Cannot register tab "AdminLinkWidget" because it already exists [] []
[2021-04-06 11:38:01] app.INFO: Protect vendor folder in module ps_mainmenu [] []
[2021-04-06 11:38:01] app.INFO: Module ps_mainmenu has no vendor folder [] []
[2021-04-06 11:38:01] app.INFO: Protect vendor folder in module ps_searchbar [] []
[2021-04-06 11:38:01] app.INFO: Module ps_searchbar has no vendor folder [] []
[2021-04-06 11:38:01] app.INFO: Protect vendor folder in module ps_sharebuttons [] []
[2021-04-06 11:38:01] app.INFO: Module ps_sharebuttons has no vendor folder [] []
[2021-04-06 11:38:01] app.INFO: Protect vendor folder in module ps_shoppingcart [] []
[2021-04-06 11:38:01] app.INFO: Module ps_shoppingcart has no vendor folder [] []
[2021-04-06 11:38:01] app.INFO: Protect vendor folder in module ps_socialfollow [] []
[2021-04-06 11:38:01] app.INFO: Module ps_socialfollow has no vendor folder [] []
[2021-04-06 11:38:01] app.INFO: Protect vendor folder in module ps_themecusto [] []
[2021-04-06 11:38:01] app.INFO: Module ps_themecusto has no vendor folder [] []
[2021-04-06 11:38:01] app.INFO: Protect vendor folder in module ps_wirepayment [] []
[2021-04-06 11:38:01] app.INFO: Module ps_wirepayment has no vendor folder [] []
[2021-04-06 11:38:01] app.INFO: Protect vendor folder in module sekeywords [] []
[2021-04-06 11:38:01] app.INFO: Module sekeywords has no vendor folder [] []
[2021-04-06 11:38:01] app.INFO: Protect vendor folder in module statsbestcategories [] []
[2021-04-06 11:38:01] app.INFO: Module statsbestcategories has no vendor folder [] []
[2021-04-06 11:38:01] app.INFO: Protect vendor folder in module statsbestcustomers [] []
[2021-04-06 11:38:01] app.INFO: Module statsbestcustomers has no vendor folder [] []
[2021-04-06 11:38:01] app.INFO: Protect vendor folder in module statsbestproducts [] []
[2021-04-06 11:38:01] app.INFO: Module statsbestproducts has no vendor folder [] []
[2021-04-06 11:38:01] app.INFO: Protect vendor folder in module statsbestsuppliers [] []
[2021-04-06 11:38:01] app.INFO: Module statsbestsuppliers has no vendor folder [] []
[2021-04-06 11:38:01] app.INFO: Protect vendor folder in module statsbestvouchers [] []
[2021-04-06 11:38:01] app.INFO: Module statsbestvouchers has no vendor folder [] []
[2021-04-06 11:38:01] app.INFO: Protect vendor folder in module statscarrier [] []
[2021-04-06 11:38:01] app.INFO: Module statscarrier has no vendor folder [] []
[2021-04-06 11:38:01] app.INFO: Protect vendor folder in module statscatalog [] []
[2021-04-06 11:38:01] app.INFO: Module statscatalog has no vendor folder [] []
[2021-04-06 11:38:01] app.INFO: Protect vendor folder in module statscheckup [] []
[2021-04-06 11:38:01] app.INFO: Module statscheckup has no vendor folder [] []
[2021-04-06 11:38:01] app.INFO: Protect vendor folder in module statsdata [] []
[2021-04-06 11:38:01] app.INFO: Module statsdata has no vendor folder [] []
[2021-04-06 11:38:01] app.INFO: Protect vendor folder in module statsequipment [] []
[2021-04-06 11:38:01] app.INFO: Module statsequipment has no vendor folder [] []
[2021-04-06 11:38:01] app.INFO: Protect vendor folder in module statsforecast [] []
[2021-04-06 11:38:01] app.INFO: Module statsforecast has no vendor folder [] []
[2021-04-06 11:38:01] app.INFO: Protect vendor folder in module statslive [] []
[2021-04-06 11:38:01] app.INFO: Module statslive has no vendor folder [] []
[2021-04-06 11:38:01] app.INFO: Protect vendor folder in module statsnewsletter [] []
[2021-04-06 11:38:01] app.INFO: Module statsnewsletter has no vendor folder [] []
[2021-04-06 11:38:01] app.INFO: Protect vendor folder in module statsorigin [] []
[2021-04-06 11:38:01] app.INFO: Module statsorigin has no vendor folder [] []
[2021-04-06 11:38:01] app.INFO: Protect vendor folder in module statspersonalinfos [] []
[2021-04-06 11:38:01] app.INFO: Module statspersonalinfos has no vendor folder [] []
[2021-04-06 11:38:01] app.INFO: Protect vendor folder in module statsproduct [] []
[2021-04-06 11:38:01] app.INFO: Module statsproduct has no vendor folder [] []
[2021-04-06 11:38:01] app.INFO: Protect vendor folder in module statsregistrations [] []
[2021-04-06 11:38:01] app.INFO: Module statsregistrations has no vendor folder [] []
[2021-04-06 11:38:01] app.INFO: Protect vendor folder in module statssales [] []
[2021-04-06 11:38:01] app.INFO: Module statssales has no vendor folder [] []
[2021-04-06 11:38:01] app.INFO: Protect vendor folder in module statssearch [] []
[2021-04-06 11:38:01] app.INFO: Module statssearch has no vendor folder [] []
[2021-04-06 11:38:01] app.INFO: Protect vendor folder in module statsstock [] []
[2021-04-06 11:38:01] app.INFO: Module statsstock has no vendor folder [] []
[2021-04-06 11:38:01] app.INFO: Protect vendor folder in module statsvisits [] []
[2021-04-06 11:38:01] app.INFO: Module statsvisits has no vendor folder [] []
[2021-04-06 11:38:02] app.INFO: Protect vendor folder in module welcome [] []
[2021-04-06 11:38:02] app.INFO: Module welcome has no vendor folder [] []
[2021-04-06 11:38:02] app.INFO: Exporting mail with theme modern for language Español (Spanish) [] []
[2021-04-06 11:38:02] app.INFO: Core output folder: /var/www/vhosts/pruebas.devblinders.com/proyectointegrado.ismael.com/mails [] []
[2021-04-06 11:38:02] app.INFO: Modules output folder: /var/www/vhosts/pruebas.devblinders.com/proyectointegrado.ismael.com/modules/ [] []
[2021-04-06 11:38:07] app.INFO: Protect vendor folder in module gamification [] []
[2021-04-06 11:38:07] app.INFO: Protect vendor folder in module emarketing [] []
[2021-04-06 11:38:07] app.INFO: Protect vendor folder in module psaddonsconnect [] []
[2021-04-06 11:38:07] app.INFO: Protect vendor folder in module psgdpr [] []
[2021-04-06 11:38:07] app.INFO: Protect vendor folder in module ps_mbo [] []
[2021-04-06 11:38:07] app.INFO: Protect vendor folder in module ps_buybuttonlite [] []
[2021-04-06 11:38:07] app.INFO: Protect vendor folder in module ps_checkout [] []
[2021-04-06 11:38:09] app.INFO: Protect vendor folder in module ps_accounts [] []
[2021-04-06 11:38:09] app.INFO: Protect vendor folder in module ps_metrics [] []
[2021-04-06 11:38:09] app.INFO: Exporting mail with theme modern for language Español (Spanish) [] []
[2021-04-06 11:38:09] app.INFO: Core output folder: /var/www/vhosts/pruebas.devblinders.com/proyectointegrado.ismael.com/mails [] []
[2021-04-06 11:38:09] app.INFO: Modules output folder: /var/www/vhosts/pruebas.devblinders.com/proyectointegrado.ismael.com/modules/ [] []
[2021-04-06 11:38:09] app.INFO: Protect vendor folder in module blockreassurance [] []
[2021-04-06 11:38:09] app.INFO: Module blockreassurance has no vendor folder [] []
[2021-04-06 11:38:17] app.INFO: Protect vendor folder in module ps_facetedsearch [] []
[2021-04-06 11:38:17] app.INFO: Module ps_facetedsearch has no vendor folder [] []
[2021-04-06 12:25:56] request.INFO: Matched route "admin_themes_import". {"route":"admin_themes_import","route_parameters":{"_controller":"PrestaShopBundle\\Controller\\Admin\\Improve\\Design\\ThemeController::importAction","_legacy_controller":"AdminThemes","_legacy_link":"AdminThemes:importtheme","_route":"admin_themes_import"},"request_uri":"https://proyectointegrado.ismael.com/Backoffice/index.php/improve/design/themes/import?_token=RV8yKa6MpqGgwmiBJSDx8Ud3GnAhNsU4sijRfFF7CrU","method":"POST"} []
[2021-04-06 12:25:56] security.DEBUG: Read existing security token from the session. {"key":"_security_main","token_class":"Symfony\\Component\\Security\\Core\\Authentication\\Token\\UsernamePasswordToken"} []
[2021-04-06 12:25:56] security.DEBUG: User was reloaded from a user provider. {"provider":"PrestaShopBundle\\Security\\Admin\\EmployeeProvider","username":"pdevblinders@gmail.com"} []
[2021-04-06 12:25:58] app.ERROR: You must specify as many arguments (%d, %s ...) as the original string. [] []
[2021-04-06 12:25:58] security.DEBUG: Stored the security token in the session. {"key":"_security_main"} []
[2021-04-19 12:22:27] request.CRITICAL: Uncaught PHP Exception Symfony\Component\Debug\Exception\ClassNotFoundException: "Attempted to load class "AdminDicciSettingController" from the global namespace. Did you forget a "use" statement?" at /var/www/vhosts/pruebas.devblinders.com/proyectointegrado.ismael.com/classes/controller/Controller.php line 233 {"exception":"[object] (Symfony\\Component\\Debug\\Exception\\ClassNotFoundException(code: 0): Attempted to load class \"AdminDicciSettingController\" from the global namespace.\nDid you forget a \"use\" statement? at /var/www/vhosts/pruebas.devblinders.com/proyectointegrado.ismael.com/classes/controller/Controller.php:233)"} []
[2021-04-19 12:22:31] request.CRITICAL: Uncaught PHP Exception Symfony\Component\Debug\Exception\ClassNotFoundException: "Attempted to load class "AdminDicciSettingController" from the global namespace. Did you forget a "use" statement?" at /var/www/vhosts/pruebas.devblinders.com/proyectointegrado.ismael.com/classes/controller/Controller.php line 233 {"exception":"[object] (Symfony\\Component\\Debug\\Exception\\ClassNotFoundException(code: 0): Attempted to load class \"AdminDicciSettingController\" from the global namespace.\nDid you forget a \"use\" statement? at /var/www/vhosts/pruebas.devblinders.com/proyectointegrado.ismael.com/classes/controller/Controller.php:233)"} []
[2021-04-19 12:22:31] request.CRITICAL: Uncaught PHP Exception Symfony\Component\Debug\Exception\ClassNotFoundException: "Attempted to load class "AdminDicciSettingController" from the global namespace. Did you forget a "use" statement?" at /var/www/vhosts/pruebas.devblinders.com/proyectointegrado.ismael.com/classes/controller/Controller.php line 233 {"exception":"[object] (Symfony\\Component\\Debug\\Exception\\ClassNotFoundException(code: 0): Attempted to load class \"AdminDicciSettingController\" from the global namespace.\nDid you forget a \"use\" statement? at /var/www/vhosts/pruebas.devblinders.com/proyectointegrado.ismael.com/classes/controller/Controller.php:233)"} []
[2021-04-19 12:22:32] request.CRITICAL: Uncaught PHP Exception Symfony\Component\Debug\Exception\ClassNotFoundException: "Attempted to load class "AdminDicciSettingController" from the global namespace. Did you forget a "use" statement?" at /var/www/vhosts/pruebas.devblinders.com/proyectointegrado.ismael.com/classes/controller/Controller.php line 233 {"exception":"[object] (Symfony\\Component\\Debug\\Exception\\ClassNotFoundException(code: 0): Attempted to load class \"AdminDicciSettingController\" from the global namespace.\nDid you forget a \"use\" statement? at /var/www/vhosts/pruebas.devblinders.com/proyectointegrado.ismael.com/classes/controller/Controller.php:233)"} []
[2021-04-19 12:22:32] request.CRITICAL: Uncaught PHP Exception Symfony\Component\Debug\Exception\ClassNotFoundException: "Attempted to load class "AdminDicciSettingController" from the global namespace. Did you forget a "use" statement?" at /var/www/vhosts/pruebas.devblinders.com/proyectointegrado.ismael.com/classes/controller/Controller.php line 233 {"exception":"[object] (Symfony\\Component\\Debug\\Exception\\ClassNotFoundException(code: 0): Attempted to load class \"AdminDicciSettingController\" from the global namespace.\nDid you forget a \"use\" statement? at /var/www/vhosts/pruebas.devblinders.com/proyectointegrado.ismael.com/classes/controller/Controller.php:233)"} []
[2021-04-19 12:31:36] request.CRITICAL: Uncaught PHP Exception Symfony\Component\Debug\Exception\ClassNotFoundException: "Attempted to load class "AdminDicciPostController" from the global namespace. Did you forget a "use" statement?" at /var/www/vhosts/pruebas.devblinders.com/proyectointegrado.ismael.com/classes/controller/Controller.php line 233 {"exception":"[object] (Symfony\\Component\\Debug\\Exception\\ClassNotFoundException(code: 0): Attempted to load class \"AdminDicciPostController\" from the global namespace.\nDid you forget a \"use\" statement? at /var/www/vhosts/pruebas.devblinders.com/proyectointegrado.ismael.com/classes/controller/Controller.php:233)"} []
[2021-04-19 12:31:56] request.CRITICAL: Uncaught PHP Exception Symfony\Component\Debug\Exception\ClassNotFoundException: "Attempted to load class "AdminDicciPostController" from the global namespace. Did you forget a "use" statement?" at /var/www/vhosts/pruebas.devblinders.com/proyectointegrado.ismael.com/classes/controller/Controller.php line 233 {"exception":"[object] (Symfony\\Component\\Debug\\Exception\\ClassNotFoundException(code: 0): Attempted to load class \"AdminDicciPostController\" from the global namespace.\nDid you forget a \"use\" statement? at /var/www/vhosts/pruebas.devblinders.com/proyectointegrado.ismael.com/classes/controller/Controller.php:233)"} []
[2021-04-19 13:01:45] request.CRITICAL: Uncaught PHP Exception Symfony\Component\Debug\Exception\ClassNotFoundException: "Attempted to load class "AdminDicciSettingController" from the global namespace. Did you forget a "use" statement?" at /var/www/vhosts/pruebas.devblinders.com/proyectointegrado.ismael.com/classes/controller/Controller.php line 233 {"exception":"[object] (Symfony\\Component\\Debug\\Exception\\ClassNotFoundException(code: 0): Attempted to load class \"AdminDicciSettingController\" from the global namespace.\nDid you forget a \"use\" statement? at /var/www/vhosts/pruebas.devblinders.com/proyectointegrado.ismael.com/classes/controller/Controller.php:233)"} []
[2021-04-19 13:01:55] request.CRITICAL: Uncaught PHP Exception Symfony\Component\Debug\Exception\ClassNotFoundException: "Attempted to load class "AdminDicciSettingController" from the global namespace. Did you forget a "use" statement?" at /var/www/vhosts/pruebas.devblinders.com/proyectointegrado.ismael.com/classes/controller/Controller.php line 233 {"exception":"[object] (Symfony\\Component\\Debug\\Exception\\ClassNotFoundException(code: 0): Attempted to load class \"AdminDicciSettingController\" from the global namespace.\nDid you forget a \"use\" statement? at /var/www/vhosts/pruebas.devblinders.com/proyectointegrado.ismael.com/classes/controller/Controller.php:233)"} []
[2021-04-19 13:03:29] request.CRITICAL: Uncaught PHP Exception Symfony\Component\Debug\Exception\ClassNotFoundException: "Attempted to load class "AdminDicciSettingController" from the global namespace. Did you forget a "use" statement?" at /var/www/vhosts/pruebas.devblinders.com/proyectointegrado.ismael.com/classes/controller/Controller.php line 233 {"exception":"[object] (Symfony\\Component\\Debug\\Exception\\ClassNotFoundException(code: 0): Attempted to load class \"AdminDicciSettingController\" from the global namespace.\nDid you forget a \"use\" statement? at /var/www/vhosts/pruebas.devblinders.com/proyectointegrado.ismael.com/classes/controller/Controller.php:233)"} []
[2021-04-19 13:03:37] request.CRITICAL: Uncaught PHP Exception Symfony\Component\Debug\Exception\ClassNotFoundException: "Attempted to load class "AdminDicciSettingController" from the global namespace. Did you forget a "use" statement?" at /var/www/vhosts/pruebas.devblinders.com/proyectointegrado.ismael.com/classes/controller/Controller.php line 233 {"exception":"[object] (Symfony\\Component\\Debug\\Exception\\ClassNotFoundException(code: 0): Attempted to load class \"AdminDicciSettingController\" from the global namespace.\nDid you forget a \"use\" statement? at /var/www/vhosts/pruebas.devblinders.com/proyectointegrado.ismael.com/classes/controller/Controller.php:233)"} []
[2021-06-03 10:08:53] request.CRITICAL: Uncaught PHP Exception Symfony\Component\Debug\Exception\UndefinedMethodException: "Attempted to call an undefined method named "postProcess" of class "Module"." at /var/www/vhosts/pruebas.devblinders.com/proyectointegrado.ismael.com/modules/diccionario/diccionario.php line 421 {"exception":"[object] (Symfony\\Component\\Debug\\Exception\\UndefinedMethodException(code: 0): Attempted to call an undefined method named \"postProcess\" of class \"Module\". at /var/www/vhosts/pruebas.devblinders.com/proyectointegrado.ismael.com/modules/diccionario/diccionario.php:421)"} []
[2021-06-03 10:09:07] request.CRITICAL: Uncaught PHP Exception Symfony\Component\Debug\Exception\UndefinedMethodException: "Attempted to call an undefined method named "postProcess" of class "Module"." at /var/www/vhosts/pruebas.devblinders.com/proyectointegrado.ismael.com/modules/diccionario/diccionario.php line 421 {"exception":"[object] (Symfony\\Component\\Debug\\Exception\\UndefinedMethodException(code: 0): Attempted to call an undefined method named \"postProcess\" of class \"Module\". at /var/www/vhosts/pruebas.devblinders.com/proyectointegrado.ismael.com/modules/diccionario/diccionario.php:421)"} []
[2021-06-05 20:52:51] request.INFO: Matched route "admin_module_manage_action". {"route":"admin_module_manage_action","route_parameters":{"_controller":"PrestaShopBundle\\Controller\\Admin\\Improve\\ModuleController::moduleAction","action":"upgrade","module_name":"ps_metrics","_route":"admin_module_manage_action"},"request_uri":"https://proyectointegrado.ismael.com/Backoffice/index.php/improve/modules/manage/action/upgrade/ps_metrics?_token=_5VUDJquQDwvqMr95xX4A9Qw7FGk3bgKzL09frSOWZA","method":"POST"} []
[2021-06-05 20:52:51] security.DEBUG: Read existing security token from the session. {"key":"_security_main","token_class":"Symfony\\Component\\Security\\Core\\Authentication\\Token\\UsernamePasswordToken"} []
[2021-06-05 20:52:51] security.DEBUG: User was reloaded from a user provider. {"provider":"PrestaShopBundle\\Security\\Admin\\EmployeeProvider","username":"pdevblinders@gmail.com"} []
[2021-06-05 20:52:57] app.INFO: Protect vendor folder in module ps_accounts [] []
[2021-06-05 20:52:57] app.ERROR: Excepción emitida por el módulo ps_metrics en upgrade. Class PrestaShop\PsAccountsInstaller\Installer\Installer does not exist [] []
[2021-06-05 20:52:57] security.DEBUG: Stored the security token in the session. {"key":"_security_main"} []
